<?xml version="1.0" encoding="UTF-8" ?>
<testsuite tests="7" failures="0" name="homework2.task1.TrapeziumTest" time="0.015" errors="0" skipped="0">
  <properties>
    <property name="java.runtime.name" value="Java(TM) SE Runtime Environment"/>
    <property name="sun.boot.library.path" value="C:\Java\jdk1.8.0_91\jre\bin"/>
    <property name="java.vm.version" value="25.91-b14"/>
    <property name="user.country.format" value="UA"/>
    <property name="java.vm.vendor" value="Oracle Corporation"/>
    <property name="java.vendor.url" value="http://java.oracle.com/"/>
    <property name="path.separator" value=";"/>
    <property name="java.vm.name" value="Java HotSpot(TM) 64-Bit Server VM"/>
    <property name="file.encoding.pkg" value="sun.io"/>
    <property name="user.script" value=""/>
    <property name="user.country" value="US"/>
    <property name="sun.java.launcher" value="SUN_STANDARD"/>
    <property name="sun.os.patch.level" value=""/>
    <property name="java.vm.specification.name" value="Java Virtual Machine Specification"/>
    <property name="user.dir" value="C:\Users\koval\IdeaProjects\Homework_Labs"/>
    <property name="java.runtime.version" value="1.8.0_91-b14"/>
    <property name="java.awt.graphicsenv" value="sun.awt.Win32GraphicsEnvironment"/>
    <property name="basedir" value="C:\Users\koval\IdeaProjects\Homework_Labs"/>
    <property name="java.endorsed.dirs" value="C:\Java\jdk1.8.0_91\jre\lib\endorsed"/>
    <property name="os.arch" value="amd64"/>
    <property name="surefire.real.class.path" value="C:\Users\koval\AppData\Local\Temp\surefirebooter5282452730224324180.jar"/>
    <property name="java.io.tmpdir" value="C:\Users\koval\AppData\Local\Temp\"/>
    <property name="line.separator" value="
"/>
    <property name="java.vm.specification.vendor" value="Oracle Corporation"/>
    <property name="user.variant" value=""/>
    <property name="os.name" value="Windows 10"/>
    <property name="sun.jnu.encoding" value="Cp1251"/>
    <property name="java.library.path" value="C:\Java\jdk1.8.0_91\jre\bin;C:\WINDOWS\Sun\Java\bin;C:\WINDOWS\system32;C:\WINDOWS;C:\ProgramData\Oracle\Java\javapath;C:\Windows\system32;C:\Windows;C:\Windows\System32\Wbem;C:\Windows\System32\WindowsPowerShell\v1.0\;C:\Program Files (x86)\NVIDIA Corporation\PhysX\Common;C:\Java\jdk1.8.0_91\bin;C:\Program Files\Git\cmd;C:\Program Files (x86)\MySQL\MySQL Fabric 1.5 &amp; MySQL Utilities 1.5\;C:\Program Files (x86)\MySQL\MySQL Fabric 1.5 &amp; MySQL Utilities 1.5\Doctrine extensions for PHP\;C:\Program Files (x86)\Skype\Phone\;C:\Program Files\Calibre2\;C:\WINDOWS\system32;C:\WINDOWS;C:\WINDOWS\System32\Wbem;C:\WINDOWS\System32\WindowsPowerShell\v1.0\;C:\Java\apache-maven-3.3.9\bin;C:\Users\koval\AppData\Local\Microsoft\WindowsApps;;."/>
    <property name="surefire.test.class.path" value="C:\Users\koval\IdeaProjects\Homework_Labs\target\test-classes;C:\Users\koval\IdeaProjects\Homework_Labs\target\classes;C:\Users\koval\.m2\repository\junit\junit\4.12\junit-4.12.jar;C:\Users\koval\.m2\repository\org\hamcrest\hamcrest-core\1.3\hamcrest-core-1.3.jar;C:\Users\koval\.m2\repository\org\mockito\mockito-all\1.9.5\mockito-all-1.9.5.jar;C:\Users\koval\.m2\repository\org\hamcrest\hamcrest-all\1.3\hamcrest-all-1.3.jar;C:\Users\koval\.m2\repository\log4j\log4j\1.2.17\log4j-1.2.17.jar;C:\Users\koval\.m2\repository\org\apache\commons\commons-lang3\3.0\commons-lang3-3.0.jar;C:\Users\koval\.m2\repository\org\apache\commons\commons-collections4\4.0\commons-collections4-4.0.jar;C:\Users\koval\.m2\repository\org\joda\joda-money\0.10.0\joda-money-0.10.0.jar;"/>
    <property name="java.specification.name" value="Java Platform API Specification"/>
    <property name="java.class.version" value="52.0"/>
    <property name="sun.management.compiler" value="HotSpot 64-Bit Tiered Compilers"/>
    <property name="os.version" value="10.0"/>
    <property name="user.home" value="C:\Users\koval"/>
    <property name="user.timezone" value=""/>
    <property name="java.awt.printerjob" value="sun.awt.windows.WPrinterJob"/>
    <property name="java.specification.version" value="1.8"/>
    <property name="file.encoding" value="Cp1251"/>
    <property name="user.name" value="koval"/>
    <property name="java.class.path" value="C:\Users\koval\IdeaProjects\Homework_Labs\target\test-classes;C:\Users\koval\IdeaProjects\Homework_Labs\target\classes;C:\Users\koval\.m2\repository\junit\junit\4.12\junit-4.12.jar;C:\Users\koval\.m2\repository\org\hamcrest\hamcrest-core\1.3\hamcrest-core-1.3.jar;C:\Users\koval\.m2\repository\org\mockito\mockito-all\1.9.5\mockito-all-1.9.5.jar;C:\Users\koval\.m2\repository\org\hamcrest\hamcrest-all\1.3\hamcrest-all-1.3.jar;C:\Users\koval\.m2\repository\log4j\log4j\1.2.17\log4j-1.2.17.jar;C:\Users\koval\.m2\repository\org\apache\commons\commons-lang3\3.0\commons-lang3-3.0.jar;C:\Users\koval\.m2\repository\org\apache\commons\commons-collections4\4.0\commons-collections4-4.0.jar;C:\Users\koval\.m2\repository\org\joda\joda-money\0.10.0\joda-money-0.10.0.jar;"/>
    <property name="java.vm.specification.version" value="1.8"/>
    <property name="sun.arch.data.model" value="64"/>
    <property name="java.home" value="C:\Java\jdk1.8.0_91\jre"/>
    <property name="sun.java.command" value="C:\Users\koval\AppData\Local\Temp\surefirebooter5282452730224324180.jar C:\Users\koval\AppData\Local\Temp\surefire682360676576226230tmp C:\Users\koval\AppData\Local\Temp\surefire4923228249809090960tmp"/>
    <property name="java.specification.vendor" value="Oracle Corporation"/>
    <property name="user.language" value="en"/>
    <property name="user.language.format" value="uk"/>
    <property name="awt.toolkit" value="sun.awt.windows.WToolkit"/>
    <property name="java.vm.info" value="mixed mode"/>
    <property name="java.version" value="1.8.0_91"/>
    <property name="java.ext.dirs" value="C:\Java\jdk1.8.0_91\jre\lib\ext;C:\WINDOWS\Sun\Java\lib\ext"/>
    <property name="sun.boot.class.path" value="C:\Java\jdk1.8.0_91\jre\lib\resources.jar;C:\Java\jdk1.8.0_91\jre\lib\rt.jar;C:\Java\jdk1.8.0_91\jre\lib\sunrsasign.jar;C:\Java\jdk1.8.0_91\jre\lib\jsse.jar;C:\Java\jdk1.8.0_91\jre\lib\jce.jar;C:\Java\jdk1.8.0_91\jre\lib\charsets.jar;C:\Java\jdk1.8.0_91\jre\lib\jfr.jar;C:\Java\jdk1.8.0_91\jre\classes"/>
    <property name="java.vendor" value="Oracle Corporation"/>
    <property name="localRepository" value="C:\Users\koval\.m2\repository"/>
    <property name="file.separator" value="\"/>
    <property name="java.vendor.url.bug" value="http://bugreport.sun.com/bugreport/"/>
    <property name="sun.cpu.endian" value="little"/>
    <property name="sun.io.unicode.encoding" value="UnicodeLittle"/>
    <property name="sun.desktop" value="windows"/>
    <property name="sun.cpu.isalist" value="amd64"/>
  </properties>
  <testcase classname="homework2.task1.TrapeziumTest" name="requireExceptionWithNoParameters" time="0"/>
  <testcase classname="homework2.task1.TrapeziumTest" name="requireResultWithIntegerDoubleDouble" time="0"/>
  <testcase classname="homework2.task1.TrapeziumTest" name="requireResultWithIntegerIntegerInteger" time="0"/>
  <testcase classname="homework2.task1.TrapeziumTest" name="requireResultZeroDoubleDouble" time="0"/>
  <testcase classname="homework2.task1.TrapeziumTest" name="requireResultWithDoubleDoubleInteger" time="0"/>
  <testcase classname="homework2.task1.TrapeziumTest" name="requireResultZeroZeroZero" time="0"/>
  <testcase classname="homework2.task1.TrapeziumTest" name="requireResultWithDoubleDoubleDouble" time="0"/>
</testsuite>